2017-07-19 07:41:04[PUSH]
response_type = 1
account = 170618
terminal = 17061801
payment_id = 170719154003054061873
order_number = 100000022
order_currency = USD
order_amount = 2.57
payment_status = 1
payment_details = Successful test transaction
signValue = 408A2598A9821C82BC6BE09F382718EB59A474F6D10402D0E1327CB1E309DCE6
order_notes = 100000022
card_number = 459061***7775
payment_authType = 0
payment_risk = 
methods = Credit Card
payment_country = 
payment_solutions = 
2017-07-19 07:41:03[Browser Return]
response_type = 0
account = 170618
terminal = 17061801
signValue = 408A2598A9821C82BC6BE09F382718EB59A474F6D10402D0E1327CB1E309DCE6
methods = Credit Card
order_number = 100000022
order_currency = USD
order_amount = 2.57
order_notes = 100000022
card_number = 459061***7775
payment_country = 
payment_id = 170719154003054061873
payment_Method = Credit Card
payment_authType = 0
payment_status = 1
payment_details = Successful test transaction
payment_solutions = 
payment_risk = 
pay_barCode = 
2017-07-19 03:40:25[Browser Return]
response_type = 0
account = 170618
terminal = 17061801
signValue = 196C8D564FC90292FDBFD17E3A6E292A195FE11E92F18390B02881779AA3BEBF
methods = Credit Card
order_number = 100000018
order_currency = USD
order_amount = 3.36
order_notes = 100000018
card_number = 530071***9374
payment_country = 
payment_id = 170719113620609061815
payment_Method = Credit Card
payment_authType = 0
payment_status = 1
payment_details = Successful test transaction
payment_solutions = 
payment_risk = 
pay_barCode = 
